  queue.c
  Note: including file: c:\users\jim\documents\visual studio 2017\projects\cis265\cis265_14\cis265_14\queue.h
  Note: including file:  C:\Program Files (x86)\Windows Kits\10\Include\10.0.15063.0\ucrt\assert.h
  Note: including file:   C:\Program Files (x86)\Windows Kits\10\Include\10.0.15063.0\ucrt\corecrt.h
  Note: including file:    C:\Program Files (x86)\Microsoft Visual Studio\2017\Community\VC\Tools\MSVC\14.11.25503\include\vcruntime.h
  Note: including file:     C:\Program Files (x86)\Microsoft Visual Studio\2017\Community\VC\Tools\MSVC\14.11.25503\include\sal.h
  Note: including file:      C:\Program Files (x86)\Microsoft Visual Studio\2017\Community\VC\Tools\MSVC\14.11.25503\include\concurrencysal.h
  Note: including file:     C:\Program Files (x86)\Microsoft Visual Studio\2017\Community\VC\Tools\MSVC\14.11.25503\include\vadefs.h
  Note: including file:  C:\Program Files (x86)\Windows Kits\10\Include\10.0.15063.0\ucrt\stdio.h
  Note: including file:   C:\Program Files (x86)\Windows Kits\10\Include\10.0.15063.0\ucrt\corecrt_wstdio.h
  Note: including file:    C:\Program Files (x86)\Windows Kits\10\Include\10.0.15063.0\ucrt\corecrt_stdio_config.h
  Note: including file:  C:\Program Files (x86)\Windows Kits\10\Include\10.0.15063.0\ucrt\stdlib.h
  Note: including file:   C:\Program Files (x86)\Windows Kits\10\Include\10.0.15063.0\ucrt\corecrt_malloc.h
  Note: including file:   C:\Program Files (x86)\Windows Kits\10\Include\10.0.15063.0\ucrt\corecrt_search.h
  Note: including file:    C:\Program Files (x86)\Windows Kits\10\Include\10.0.15063.0\ucrt\stddef.h
  Note: including file:   C:\Program Files (x86)\Windows Kits\10\Include\10.0.15063.0\ucrt\corecrt_wstdlib.h
  Note: including file:   C:\Program Files (x86)\Microsoft Visual Studio\2017\Community\VC\Tools\MSVC\14.11.25503\include\limits.h
  Note: including file:    C:\Program Files (x86)\Microsoft Visual Studio\2017\Community\VC\Tools\MSVC\14.11.25503\include\vcruntime.h
  Note: including file:  C:\Program Files (x86)\Microsoft Visual Studio\2017\Community\VC\Tools\MSVC\14.11.25503\include\stdbool.h
  CIS265_14.vcxproj -> C:\Users\Jim\Documents\Visual Studio 2017\Projects\CIS265\CIS265_14\Debug\CIS265_14.exe
